<?xml version="1.0" encoding="UTF-8"?>
<!-- Generated by org.testng.reporters.JUnitXMLReporter -->
<testsuite ignored="0" hostname="Silambarasi" failures="0" tests="3" name="Default test" time="182.529" errors="0" timestamp="2023-10-06T16:23:59 IST">
  <testcase classname="Testng_dataprovider.Dataprovider_testng" name="demo" time="109.634"/>
  <testcase classname="Testng_dataprovider.Dataprovider_testng" name="demo" time="37.32"/>
  <testcase classname="Testng_dataprovider.Dataprovider_testng" name="demo" time="35.216"/>
</testsuite> <!-- Default test -->
