<?xml version="1.0" encoding="UTF-8"?>
<testng-results ignored="0" total="3" passed="3" failed="0" skipped="0">
  <reporter-output>
  </reporter-output>
  <suite started-at="2023-10-06T16:20:55 IST" name="Default suite" finished-at="2023-10-06T16:23:58 IST" duration-ms="182529">
    <groups>
    </groups>
    <test started-at="2023-10-06T16:20:55 IST" name="Default test" finished-at="2023-10-06T16:23:58 IST" duration-ms="182529">
      <class name="Testng_dataprovider.Dataprovider_testng">
        <test-method signature="demo(java.lang.String,java.lang.String)[pri:0, instance:Testng_dataprovider.Dataprovider_testng@7cc0cdad]" started-at="2023-10-06T16:20:55 IST" name="demo" data-provider="getData" finished-at="2023-10-06T16:22:45 IST" duration-ms="109634" status="PASS">
          <params>
            <param index="0">
              <value>
                <![CDATA[silambarasi]]>
              </value>
            </param>
            <param index="1">
              <value>
                <![CDATA[rajasekaran]]>
              </value>
            </param>
          </params>
          <reporter-output>
          </reporter-output>
        </test-method> <!-- demo -->
        <test-method signature="demo(java.lang.String,java.lang.String)[pri:0, instance:Testng_dataprovider.Dataprovider_testng@7cc0cdad]" started-at="2023-10-06T16:22:45 IST" name="demo" data-provider="getData" finished-at="2023-10-06T16:23:22 IST" duration-ms="37320" status="PASS">
          <params>
            <param index="0">
              <value>
                <![CDATA[java]]>
              </value>
            </param>
            <param index="1">
              <value>
                <![CDATA[selenium]]>
              </value>
            </param>
          </params>
          <reporter-output>
          </reporter-output>
        </test-method> <!-- demo -->
        <test-method signature="demo(java.lang.String,java.lang.String)[pri:0, instance:Testng_dataprovider.Dataprovider_testng@7cc0cdad]" started-at="2023-10-06T16:23:22 IST" name="demo" data-provider="getData" finished-at="2023-10-06T16:23:58 IST" duration-ms="35216" status="PASS">
          <params>
            <param index="0">
              <value>
                <![CDATA[qspiders]]>
              </value>
            </param>
            <param index="1">
              <value>
                <![CDATA[chrompet]]>
              </value>
            </param>
          </params>
          <reporter-output>
          </reporter-output>
        </test-method> <!-- demo -->
      </class> <!-- Testng_dataprovider.Dataprovider_testng -->
    </test> <!-- Default test -->
  </suite> <!-- Default suite -->
</testng-results>
